This is pdfTeX, Version 3.141592653-2.6-1.40.22 (TeX Live 2021) (preloaded format=pdflatex 2021.6.27)  19 SEP 2022 10:11
entering extended mode
 restricted \write18 enabled.
 file:line:error style messages enabled.
 %&-line parsing enabled.
**/run/media/alf/datos/misrepositorios/docencia/analisis-ejercicios/img/teoria-conjuntos/conjunto3.tex
(/run/media/alf/datos/misrepositorios/docencia/analisis-ejercicios/img/teoria-conjuntos/conjunto3.tex
LaTeX2e <2021-06-01> patch level 1
L3 programming layer <2021-06-18>

/run/media/alf/datos/misrepositorios/docencia/analisis-ejercicios/img/teoria-conjuntos/conjunto3.tex:1: LaTeX Error: \usepackage before \documentclass.

See the LaTeX manual or LaTeX Companion for explanation.
Type  H <return>  for immediate help.
 ...                                              
                                                  
l.1 \usepackage{
                venndiagram}
\usepackage may only appear in the document preamble, i.e.,
between \documentclass and \begin{document}.


/run/media/alf/datos/misrepositorios/docencia/analisis-ejercicios/img/teoria-conjuntos/conjunto3.tex:3: LaTeX Error: Environment venndiagram3sets undefined.

See the LaTeX manual or LaTeX Companion for explanation.
Type  H <return>  for immediate help.
 ...                                              
                                                  
l.3 \begin{venndiagram3sets}
                            [showframe=false,shade=blue!20]
Your command was ignored.
Type  I <command> <return>  to replace it with another command,
or  <return>  to continue without it.


/run/media/alf/datos/misrepositorios/docencia/analisis-ejercicios/img/teoria-conjuntos/conjunto3.tex:3: LaTeX Error: Missing \begin{document}.

See the LaTeX manual or LaTeX Companion for explanation.
Type  H <return>  for immediate help.
 ...                                              
                                                  
l.3 \begin{venndiagram3sets}[
                             showframe=false,shade=blue!20]
You're in trouble here.  Try typing  <return>  to proceed.
If that doesn't work, type  X <return>  to quit.

Missing character: There is no [ in font nullfont!
Missing character: There is no s in font nullfont!
Missing character: There is no h in font nullfont!
Missing character: There is no o in font nullfont!
Missing character: There is no w in font nullfont!
Missing character: There is no f in font nullfont!
Missing character: There is no r in font nullfont!
Missing character: There is no a in font nullfont!
Missing character: There is no m in font nullfont!
Missing character: There is no e in font nullfont!
Missing character: There is no = in font nullfont!
Missing character: There is no f in font nullfont!
Missing character: There is no a in font nullfont!
Missing character: There is no l in font nullfont!
Missing character: There is no s in font nullfont!
Missing character: There is no e in font nullfont!
Missing character: There is no , in font nullfont!
Missing character: There is no s in font nullfont!
Missing character: There is no h in font nullfont!
Missing character: There is no a in font nullfont!
Missing character: There is no d in font nullfont!
Missing character: There is no e in font nullfont!
Missing character: There is no = in font nullfont!
Missing character: There is no b in font nullfont!
Missing character: There is no l in font nullfont!
Missing character: There is no u in font nullfont!
Missing character: There is no e in font nullfont!
Missing character: There is no ! in font nullfont!
Missing character: There is no 2 in font nullfont!
Missing character: There is no 0 in font nullfont!
Missing character: There is no ] in font nullfont!
/run/media/alf/datos/misrepositorios/docencia/analisis-ejercicios/img/teoria-conjuntos/conjunto3.tex:4: Undefined control sequence.
l.4 \fillOnlyA
              
The control sequence at the end of the top line
of your error message was never \def'ed. If you have
misspelled it (e.g., `\hobx'), type `I' and the correct
spelling (e.g., `I\hbox'). Otherwise just continue,
and I'll forget about whatever was undefined.

/run/media/alf/datos/misrepositorios/docencia/analisis-ejercicios/img/teoria-conjuntos/conjunto3.tex:5: Undefined control sequence.
l.5 \fillOnlyB
              
The control sequence at the end of the top line
of your error message was never \def'ed. If you have
misspelled it (e.g., `\hobx'), type `I' and the correct
spelling (e.g., `I\hbox'). Otherwise just continue,
and I'll forget about whatever was undefined.

/run/media/alf/datos/misrepositorios/docencia/analisis-ejercicios/img/teoria-conjuntos/conjunto3.tex:6: Undefined control sequence.
l.6 \fillOnlyC
              
The control sequence at the end of the top line
of your error message was never \def'ed. If you have
misspelled it (e.g., `\hobx'), type `I' and the correct
spelling (e.g., `I\hbox'). Otherwise just continue,
and I'll forget about whatever was undefined.


/run/media/alf/datos/misrepositorios/docencia/analisis-ejercicios/img/teoria-conjuntos/conjunto3.tex:7: LaTeX Error: \begin{document} ended by \end{venndiagram3sets}.

See the LaTeX manual or LaTeX Companion for explanation.
Type  H <return>  for immediate help.
 ...                                              
                                                  
l.7 \end{venndiagram3sets}
                          
Your command was ignored.
Type  I <command> <return>  to replace it with another command,
or  <return>  to continue without it.

)
! Emergency stop.
<*> ...ercicios/img/teoria-conjuntos/conjunto3.tex
                                                  
*** (job aborted, no legal \end found)

 
Here is how much of TeX's memory you used:
 18 strings out of 480376
 669 string characters out of 5895800
 289598 words of memory out of 5000000
 17843 multiletter control sequences out of 15000+600000
 403430 words of font info for 27 fonts, out of 8000000 for 9000
 62 hyphenation exceptions out of 8191
 13i,0n,12p,193b,21s stack positions out of 5000i,500n,10000p,200000b,80000s
!  ==> Fatal error occurred, no output PDF file produced!
